[2018-03-05 21:10:06] local.ERROR: exception 'PDOException' with message 'SQLSTATE[42S02]: Base table or view not found: 1146 Table 'engdev02.comments' doesn't exist' in /var/www/html/dev2.eng.mcmaster.ca/vendor/laravel/framework/src/Illuminate/Database/Connection.php:288
Stack trace:
#0 /var/www/html/dev2.eng.mcmaster.ca/vendor/laravel/framework/src/Illuminate/Database/Connection.php(288): PDO->prepare('select * from `...')
#1 /var/www/html/dev2.eng.mcmaster.ca/vendor/laravel/framework/src/Illuminate/Database/Connection.php(612): Illuminate\Database\Connection->Illuminate\Database\{closure}(Object(Illuminate\Database\MySqlConnection), 'select * from `...', Array)
#2 /var/www/html/dev2.eng.mcmaster.ca/vendor/laravel/framework/src/Illuminate/Database/Connection.php(576): Illuminate\Database\Connection->runQueryCallback('select * from `...', Array, Object(Closure))
#3 /var/www/html/dev2.eng.mcmaster.ca/vendor/laravel/framework/src/Illuminate/Database/Connection.php(293): Illuminate\Database\Connection->run('select * from `...', Array, Object(Closure))
#4 /var/www/html/dev2.eng.mcmaster.ca/vendor/laravel/framework/src/Illuminate/Database/Query/Builder.php(1377): Illuminate\Database\Connection->select('select * from `...', Array, true)
#5 /var/www/html/dev2.eng.mcmaster.ca/vendor/laravel/framework/src/Illuminate/Database/Query/Builder.php(1367): Illuminate\Database\Query\Builder->runSelect()
#6 /var/www/html/dev2.eng.mcmaster.ca/vendor/laravel/framework/src/Illuminate/Database/Query/Builder.php(1354): Illuminate\Database\Query\Builder->getFresh(Array)
#7 /var/www/html/dev2.eng.mcmaster.ca/vendor/laravel/framework/src/Illuminate/Database/Eloquent/Builder.php(380): Illuminate\Database\Query\Builder->get(Array)
#8 /var/www/html/dev2.eng.mcmaster.ca/vendor/laravel/framework/src/Illuminate/Database/Eloquent/Builder.php(162): Illuminate\Database\Eloquent\Builder->getModels(Array)
#9 /var/www/html/dev2.eng.mcmaster.ca/vendor/laravel/framework/src/Illuminate/Database/Eloquent/Relations/HasMany.php(14): Illuminate\Database\Eloquent\Builder->get()
#10 /var/www/html/dev2.eng.mcmaster.ca/vendor/compiled.php(10226): Illuminate\Database\Eloquent\Relations\HasMany->getResults()
#11 /var/www/html/dev2.eng.mcmaster.ca/vendor/compiled.php(10196): Illuminate\Database\Eloquent\Model->getRelationshipFromMethod('hasManyComments')
#12 /var/www/html/dev2.eng.mcmaster.ca/vendor/compiled.php(10470): Illuminate\Database\Eloquent\Model->getAttribute('hasManyComments')
#13 /var/www/html/dev2.eng.mcmaster.ca/storage/framework/views/f52c53e5781466be098b8a12c09c9cce(65): Illuminate\Database\Eloquent\Model->__get('hasManyComments')
#14 /var/www/html/dev2.eng.mcmaster.ca/vendor/compiled.php(13650): include('/var/www/html/d...')
#15 /var/www/html/dev2.eng.mcmaster.ca/vendor/compiled.php(13683): Illuminate\View\Engines\PhpEngine->evaluatePath('/var/www/html/d...', Array)
#16 /var/www/html/dev2.eng.mcmaster.ca/vendor/compiled.php(13523): Illuminate\View\Engines\CompilerEngine->get('/var/www/html/d...', Array)
#17 /var/www/html/dev2.eng.mcmaster.ca/vendor/compiled.php(13510): Illuminate\View\View->getContents()
#18 /var/www/html/dev2.eng.mcmaster.ca/vendor/compiled.php(13501): Illuminate\View\View->renderContents()
#19 /var/www/html/dev2.eng.mcmaster.ca/vendor/compiled.php(14597): Illuminate\View\View->render()
#20 /var/www/html/dev2.eng.mcmaster.ca/vendor/compiled.php(14126): Illuminate\Http\Response->setContent(Object(Illuminate\View\View))
#21 /var/www/html/dev2.eng.mcmaster.ca/vendor/compiled.php(7154): Symfony\Component\HttpFoundation\Response->__construct(Object(Illuminate\View\View))
#22 /var/www/html/dev2.eng.mcmaster.ca/vendor/compiled.php(6954): Illuminate\Routing\Router->prepareResponse(Object(Illuminate\Http\Request), Object(Illuminate\View\View))
#23 [internal function]: Illuminate\Routing\Router->Illuminate\Routing\{closure}(Object(Illuminate\Http\Request))
#24 /var/www/html/dev2.eng.mcmaster.ca/vendor/compiled.php(8952): call_user_func(Object(Closure), Object(Illuminate\Http\Request))
#25 [internal function]: Illuminate\Pipeline\Pipeline->Illuminate\Pipeline\{closure}(Object(Illuminate\Http\Request))
#26 /var/www/html/dev2.eng.mcmaster.ca/vendor/compiled.php(8935): call_user_func(Object(Closure), Object(Illuminate\Http\Request))
#27 /var/www/html/dev2.eng.mcmaster.ca/vendor/compiled.php(6955): Illuminate\Pipeline\Pipeline->then(Object(Closure))
#28 /var/www/html/dev2.eng.mcmaster.ca/vendor/compiled.php(6944): Illuminate\Routing\Router->runRouteWithinStack(Object(Illuminate\Routing\Route), Object(Illuminate\Http\Request))
#29 /var/www/html/dev2.eng.mcmaster.ca/vendor/compiled.php(6929): Illuminate\Routing\Router->dispatchToRoute(Object(Illuminate\Http\Request))
#30 /var/www/html/dev2.eng.mcmaster.ca/vendor/compiled.php(1935): Illuminate\Routing\Router->dispatch(Object(Illuminate\Http\Request))
#31 [internal function]: Illuminate\Foundation\Http\Kernel->Illuminate\Foundation\Http\{closure}(Object(Illuminate\Http\Request))
#32 /var/www/html/dev2.eng.mcmaster.ca/vendor/compiled.php(8952): call_user_func(Object(Closure), Object(Illuminate\Http\Request))
#33 /var/www/html/dev2.eng.mcmaster.ca/vendor/compiled.php(2438): Illuminate\Pipeline\Pipeline->Illuminate\Pipeline\{closure}(Object(Illuminate\Http\Request))
#34 /var/www/html/dev2.eng.mcmaster.ca/app/Http/Middleware/VerifyCsrfToken.php(17): Illuminate\Foundation\Http\Middleware\VerifyCsrfToken->handle(Object(Illuminate\Http\Request), Object(Closure))
#35 /var/www/html/dev2.eng.mcmaster.ca/vendor/compiled.php(8944): App\Http\Middleware\VerifyCsrfToken->handle(Object(Illuminate\Http\Request), Object(Closure))
#36 /var/www/html/dev2.eng.mcmaster.ca/vendor/compiled.php(12083): Illuminate\Pipeline\Pipeline->Illuminate\Pipeline\{closure}(Object(Illuminate\Http\Request))
#37 /var/www/html/dev2.eng.mcmaster.ca/vendor/compiled.php(8944): Illuminate\View\Middleware\ShareErrorsFromSession->handle(Object(Illuminate\Http\Request), Object(Closure))
#38 /var/www/html/dev2.eng.mcmaster.ca/vendor/compiled.php(10785): Illuminate\Pipeline\Pipeline->Illuminate\Pipeline\{closure}(Object(Illuminate\Http\Request))
#39 /var/www/html/dev2.eng.mcmaster.ca/vendor/compiled.php(8944): Illuminate\Session\Middleware\StartSession->handle(Object(Illuminate\Http\Request), Object(Closure))
#40 /var/www/html/dev2.eng.mcmaster.ca/vendor/compiled.php(11789): Illuminate\Pipeline\Pipeline->Illuminate\Pipeline\{closure}(Object(Illuminate\Http\Request))
#41 /var/www/html/dev2.eng.mcmaster.ca/vendor/compiled.php(8944): Illuminate\Cookie\Middleware\AddQueuedCookiesToResponse->handle(Object(Illuminate\Http\Request), Object(Closure))
#42 /var/www/html/dev2.eng.mcmaster.ca/vendor/compiled.php(11738): Illuminate\Pipeline\Pipeline->Illuminate\Pipeline\{closure}(Object(Illuminate\Http\Request))
#43 /var/www/html/dev2.eng.mcmaster.ca/vendor/compiled.php(8944): Illuminate\Cookie\Middleware\EncryptCookies->handle(Object(Illuminate\Http\Request), Object(Closure))
#44 /var/www/html/dev2.eng.mcmaster.ca/vendor/compiled.php(2478): Illuminate\Pipeline\Pipeline->Illuminate\Pipeline\{closure}(Object(Illuminate\Http\Request))
#45 /var/www/html/dev2.eng.mcmaster.ca/vendor/compiled.php(8944): Illuminate\Foundation\Http\Middleware\CheckForMaintenanceMode->handle(Object(Illuminate\Http\Request), Object(Closure))
#46 [internal function]: Illuminate\Pipeline\Pipeline->Illuminate\Pipeline\{closure}(Object(Illuminate\Http\Request))
#47 /var/www/html/dev2.eng.mcmaster.ca/vendor/compiled.php(8935): call_user_func(Object(Closure), Object(Illuminate\Http\Request))
#48 /var/www/html/dev2.eng.mcmaster.ca/vendor/compiled.php(1891): Illuminate\Pipeline\Pipeline->then(Object(Closure))
#49 /var/www/html/dev2.eng.mcmaster.ca/vendor/compiled.php(1880): Illuminate\Foundation\Http\Kernel->sendRequestThroughRouter(Object(Illuminate\Http\Request))
#50 /var/www/html/dev2.eng.mcmaster.ca/public/index.php(53): Illuminate\Foundation\Http\Kernel->handle(Object(Illuminate\Http\Request))
#51 {main}

Next exception 'Illuminate\Database\QueryException' with message 'SQLSTATE[42S02]: Base table or view not found: 1146 Table 'engdev02.comments' doesn't exist (SQL: select * from `comments` where `comments`.`page_id` = 23)' in /var/www/html/dev2.eng.mcmaster.ca/vendor/laravel/framework/src/Illuminate/Database/Connection.php:620
Stack trace:
#0 /var/www/html/dev2.eng.mcmaster.ca/vendor/laravel/framework/src/Illuminate/Database/Connection.php(576): Illuminate\Database\Connection->runQueryCallback('select * from `...', Array, Object(Closure))
#1 /var/www/html/dev2.eng.mcmaster.ca/vendor/laravel/framework/src/Illuminate/Database/Connection.php(293): Illuminate\Database\Connection->run('select * from `...', Array, Object(Closure))
#2 /var/www/html/dev2.eng.mcmaster.ca/vendor/laravel/framework/src/Illuminate/Database/Query/Builder.php(1377): Illuminate\Database\Connection->select('select * from `...', Array, true)
#3 /var/www/html/dev2.eng.mcmaster.ca/vendor/laravel/framework/src/Illuminate/Database/Query/Builder.php(1367): Illuminate\Database\Query\Builder->runSelect()
#4 /var/www/html/dev2.eng.mcmaster.ca/vendor/laravel/framework/src/Illuminate/Database/Query/Builder.php(1354): Illuminate\Database\Query\Builder->getFresh(Array)
#5 /var/www/html/dev2.eng.mcmaster.ca/vendor/laravel/framework/src/Illuminate/Database/Eloquent/Builder.php(380): Illuminate\Database\Query\Builder->get(Array)
#6 /var/www/html/dev2.eng.mcmaster.ca/vendor/laravel/framework/src/Illuminate/Database/Eloquent/Builder.php(162): Illuminate\Database\Eloquent\Builder->getModels(Array)
#7 /var/www/html/dev2.eng.mcmaster.ca/vendor/laravel/framework/src/Illuminate/Database/Eloquent/Relations/HasMany.php(14): Illuminate\Database\Eloquent\Builder->get()
#8 /var/www/html/dev2.eng.mcmaster.ca/vendor/compiled.php(10226): Illuminate\Database\Eloquent\Relations\HasMany->getResults()
#9 /var/www/html/dev2.eng.mcmaster.ca/vendor/compiled.php(10196): Illuminate\Database\Eloquent\Model->getRelationshipFromMethod('hasManyComments')
#10 /var/www/html/dev2.eng.mcmaster.ca/vendor/compiled.php(10470): Illuminate\Database\Eloquent\Model->getAttribute('hasManyComments')
#11 /var/www/html/dev2.eng.mcmaster.ca/storage/framework/views/f52c53e5781466be098b8a12c09c9cce(65): Illuminate\Database\Eloquent\Model->__get('hasManyComments')
#12 /var/www/html/dev2.eng.mcmaster.ca/vendor/compiled.php(13650): include('/var/www/html/d...')
#13 /var/www/html/dev2.eng.mcmaster.ca/vendor/compiled.php(13683): Illuminate\View\Engines\PhpEngine->evaluatePath('/var/www/html/d...', Array)
#14 /var/www/html/dev2.eng.mcmaster.ca/vendor/compiled.php(13523): Illuminate\View\Engines\CompilerEngine->get('/var/www/html/d...', Array)
#15 /var/www/html/dev2.eng.mcmaster.ca/vendor/compiled.php(13510): Illuminate\View\View->getContents()
#16 /var/www/html/dev2.eng.mcmaster.ca/vendor/compiled.php(13501): Illuminate\View\View->renderContents()
#17 /var/www/html/dev2.eng.mcmaster.ca/vendor/compiled.php(14597): Illuminate\View\View->render()
#18 /var/www/html/dev2.eng.mcmaster.ca/vendor/compiled.php(14126): Illuminate\Http\Response->setContent(Object(Illuminate\View\View))
#19 /var/www/html/dev2.eng.mcmaster.ca/vendor/compiled.php(7154): Symfony\Component\HttpFoundation\Response->__construct(Object(Illuminate\View\View))
#20 /var/www/html/dev2.eng.mcmaster.ca/vendor/compiled.php(6954): Illuminate\Routing\Router->prepareResponse(Object(Illuminate\Http\Request), Object(Illuminate\View\View))
#21 [internal function]: Illuminate\Routing\Router->Illuminate\Routing\{closure}(Object(Illuminate\Http\Request))
#22 /var/www/html/dev2.eng.mcmaster.ca/vendor/compiled.php(8952): call_user_func(Object(Closure), Object(Illuminate\Http\Request))
#23 [internal function]: Illuminate\Pipeline\Pipeline->Illuminate\Pipeline\{closure}(Object(Illuminate\Http\Request))
#24 /var/www/html/dev2.eng.mcmaster.ca/vendor/compiled.php(8935): call_user_func(Object(Closure), Object(Illuminate\Http\Request))
#25 /var/www/html/dev2.eng.mcmaster.ca/vendor/compiled.php(6955): Illuminate\Pipeline\Pipeline->then(Object(Closure))
#26 /var/www/html/dev2.eng.mcmaster.ca/vendor/compiled.php(6944): Illuminate\Routing\Router->runRouteWithinStack(Object(Illuminate\Routing\Route), Object(Illuminate\Http\Request))
#27 /var/www/html/dev2.eng.mcmaster.ca/vendor/compiled.php(6929): Illuminate\Routing\Router->dispatchToRoute(Object(Illuminate\Http\Request))
#28 /var/www/html/dev2.eng.mcmaster.ca/vendor/compiled.php(1935): Illuminate\Routing\Router->dispatch(Object(Illuminate\Http\Request))
#29 [internal function]: Illuminate\Foundation\Http\Kernel->Illuminate\Foundation\Http\{closure}(Object(Illuminate\Http\Request))
#30 /var/www/html/dev2.eng.mcmaster.ca/vendor/compiled.php(8952): call_user_func(Object(Closure), Object(Illuminate\Http\Request))
#31 /var/www/html/dev2.eng.mcmaster.ca/vendor/compiled.php(2438): Illuminate\Pipeline\Pipeline->Illuminate\Pipeline\{closure}(Object(Illuminate\Http\Request))
#32 /var/www/html/dev2.eng.mcmaster.ca/app/Http/Middleware/VerifyCsrfToken.php(17): Illuminate\Foundation\Http\Middleware\VerifyCsrfToken->handle(Object(Illuminate\Http\Request), Object(Closure))
#33 /var/www/html/dev2.eng.mcmaster.ca/vendor/compiled.php(8944): App\Http\Middleware\VerifyCsrfToken->handle(Object(Illuminate\Http\Request), Object(Closure))
#34 /var/www/html/dev2.eng.mcmaster.ca/vendor/compiled.php(12083): Illuminate\Pipeline\Pipeline->Illuminate\Pipeline\{closure}(Object(Illuminate\Http\Request))
#35 /var/www/html/dev2.eng.mcmaster.ca/vendor/compiled.php(8944): Illuminate\View\Middleware\ShareErrorsFromSession->handle(Object(Illuminate\Http\Request), Object(Closure))
#36 /var/www/html/dev2.eng.mcmaster.ca/vendor/compiled.php(10785): Illuminate\Pipeline\Pipeline->Illuminate\Pipeline\{closure}(Object(Illuminate\Http\Request))
#37 /var/www/html/dev2.eng.mcmaster.ca/vendor/compiled.php(8944): Illuminate\Session\Middleware\StartSession->handle(Object(Illuminate\Http\Request), Object(Closure))
#38 /var/www/html/dev2.eng.mcmaster.ca/vendor/compiled.php(11789): Illuminate\Pipeline\Pipeline->Illuminate\Pipeline\{closure}(Object(Illuminate\Http\Request))
#39 /var/www/html/dev2.eng.mcmaster.ca/vendor/compiled.php(8944): Illuminate\Cookie\Middleware\AddQueuedCookiesToResponse->handle(Object(Illuminate\Http\Request), Object(Closure))
#40 /var/www/html/dev2.eng.mcmaster.ca/vendor/compiled.php(11738): Illuminate\Pipeline\Pipeline->Illuminate\Pipeline\{closure}(Object(Illuminate\Http\Request))
#41 /var/www/html/dev2.eng.mcmaster.ca/vendor/compiled.php(8944): Illuminate\Cookie\Middleware\EncryptCookies->handle(Object(Illuminate\Http\Request), Object(Closure))
#42 /var/www/html/dev2.eng.mcmaster.ca/vendor/compiled.php(2478): Illuminate\Pipeline\Pipeline->Illuminate\Pipeline\{closure}(Object(Illuminate\Http\Request))
#43 /var/www/html/dev2.eng.mcmaster.ca/vendor/compiled.php(8944): Illuminate\Foundation\Http\Middleware\CheckForMaintenanceMode->handle(Object(Illuminate\Http\Request), Object(Closure))
#44 [internal function]: Illuminate\Pipeline\Pipeline->Illuminate\Pipeline\{closure}(Object(Illuminate\Http\Request))
#45 /var/www/html/dev2.eng.mcmaster.ca/vendor/compiled.php(8935): call_user_func(Object(Closure), Object(Illuminate\Http\Request))
#46 /var/www/html/dev2.eng.mcmaster.ca/vendor/compiled.php(1891): Illuminate\Pipeline\Pipeline->then(Object(Closure))
#47 /var/www/html/dev2.eng.mcmaster.ca/vendor/compiled.php(1880): Illuminate\Foundation\Http\Kernel->sendRequestThroughRouter(Object(Illuminate\Http\Request))
#48 /var/www/html/dev2.eng.mcmaster.ca/public/index.php(53): Illuminate\Foundation\Http\Kernel->handle(Object(Illuminate\Http\Request))
#49 {main}

Next exception 'ErrorException' with message 'SQLSTATE[42S02]: Base table or view not found: 1146 Table 'engdev02.comments' doesn't exist (SQL: select * from `comments` where `comments`.`page_id` = 23) (View: /var/www/html/dev2.eng.mcmaster.ca/resources/views/pages/show.blade.php)' in /var/www/html/dev2.eng.mcmaster.ca/vendor/laravel/framework/src/Illuminate/Database/Connection.php:620
Stack trace:
#0 /var/www/html/dev2.eng.mcmaster.ca/vendor/compiled.php(13652): Illuminate\View\Engines\CompilerEngine->handleViewException(Object(Illuminate\Database\QueryException), 1)
#1 /var/www/html/dev2.eng.mcmaster.ca/vendor/compiled.php(13683): Illuminate\View\Engines\PhpEngine->evaluatePath('/var/www/html/d...', Array)
#2 /var/www/html/dev2.eng.mcmaster.ca/vendor/compiled.php(13523): Illuminate\View\Engines\CompilerEngine->get('/var/www/html/d...', Array)
#3 /var/www/html/dev2.eng.mcmaster.ca/vendor/compiled.php(13510): Illuminate\View\View->getContents()
#4 /var/www/html/dev2.eng.mcmaster.ca/vendor/compiled.php(13501): Illuminate\View\View->renderContents()
#5 /var/www/html/dev2.eng.mcmaster.ca/vendor/compiled.php(14597): Illuminate\View\View->render()
#6 /var/www/html/dev2.eng.mcmaster.ca/vendor/compiled.php(14126): Illuminate\Http\Response->setContent(Object(Illuminate\View\View))
#7 /var/www/html/dev2.eng.mcmaster.ca/vendor/compiled.php(7154): Symfony\Component\HttpFoundation\Response->__construct(Object(Illuminate\View\View))
#8 /var/www/html/dev2.eng.mcmaster.ca/vendor/compiled.php(6954): Illuminate\Routing\Router->prepareResponse(Object(Illuminate\Http\Request), Object(Illuminate\View\View))
#9 [internal function]: Illuminate\Routing\Router->Illuminate\Routing\{closure}(Object(Illuminate\Http\Request))
#10 /var/www/html/dev2.eng.mcmaster.ca/vendor/compiled.php(8952): call_user_func(Object(Closure), Object(Illuminate\Http\Request))
#11 [internal function]: Illuminate\Pipeline\Pipeline->Illuminate\Pipeline\{closure}(Object(Illuminate\Http\Request))
#12 /var/www/html/dev2.eng.mcmaster.ca/vendor/compiled.php(8935): call_user_func(Object(Closure), Object(Illuminate\Http\Request))
#13 /var/www/html/dev2.eng.mcmaster.ca/vendor/compiled.php(6955): Illuminate\Pipeline\Pipeline->then(Object(Closure))
#14 /var/www/html/dev2.eng.mcmaster.ca/vendor/compiled.php(6944): Illuminate\Routing\Router->runRouteWithinStack(Object(Illuminate\Routing\Route), Object(Illuminate\Http\Request))
#15 /var/www/html/dev2.eng.mcmaster.ca/vendor/compiled.php(6929): Illuminate\Routing\Router->dispatchToRoute(Object(Illuminate\Http\Request))
#16 /var/www/html/dev2.eng.mcmaster.ca/vendor/compiled.php(1935): Illuminate\Routing\Router->dispatch(Object(Illuminate\Http\Request))
#17 [internal function]: Illuminate\Foundation\Http\Kernel->Illuminate\Foundation\Http\{closure}(Object(Illuminate\Http\Request))
#18 /var/www/html/dev2.eng.mcmaster.ca/vendor/compiled.php(8952): call_user_func(Object(Closure), Object(Illuminate\Http\Request))
#19 /var/www/html/dev2.eng.mcmaster.ca/vendor/compiled.php(2438): Illuminate\Pipeline\Pipeline->Illuminate\Pipeline\{closure}(Object(Illuminate\Http\Request))
#20 /var/www/html/dev2.eng.mcmaster.ca/app/Http/Middleware/VerifyCsrfToken.php(17): Illuminate\Foundation\Http\Middleware\VerifyCsrfToken->handle(Object(Illuminate\Http\Request), Object(Closure))
#21 /var/www/html/dev2.eng.mcmaster.ca/vendor/compiled.php(8944): App\Http\Middleware\VerifyCsrfToken->handle(Object(Illuminate\Http\Request), Object(Closure))
#22 /var/www/html/dev2.eng.mcmaster.ca/vendor/compiled.php(12083): Illuminate\Pipeline\Pipeline->Illuminate\Pipeline\{closure}(Object(Illuminate\Http\Request))
#23 /var/www/html/dev2.eng.mcmaster.ca/vendor/compiled.php(8944): Illuminate\View\Middleware\ShareErrorsFromSession->handle(Object(Illuminate\Http\Request), Object(Closure))
#24 /var/www/html/dev2.eng.mcmaster.ca/vendor/compiled.php(10785): Illuminate\Pipeline\Pipeline->Illuminate\Pipeline\{closure}(Object(Illuminate\Http\Request))
#25 /var/www/html/dev2.eng.mcmaster.ca/vendor/compiled.php(8944): Illuminate\Session\Middleware\StartSession->handle(Object(Illuminate\Http\Request), Object(Closure))
#26 /var/www/html/dev2.eng.mcmaster.ca/vendor/compiled.php(11789): Illuminate\Pipeline\Pipeline->Illuminate\Pipeline\{closure}(Object(Illuminate\Http\Request))
#27 /var/www/html/dev2.eng.mcmaster.ca/vendor/compiled.php(8944): Illuminate\Cookie\Middleware\AddQueuedCookiesToResponse->handle(Object(Illuminate\Http\Request), Object(Closure))
#28 /var/www/html/dev2.eng.mcmaster.ca/vendor/compiled.php(11738): Illuminate\Pipeline\Pipeline->Illuminate\Pipeline\{closure}(Object(Illuminate\Http\Request))
#29 /var/www/html/dev2.eng.mcmaster.ca/vendor/compiled.php(8944): Illuminate\Cookie\Middleware\EncryptCookies->handle(Object(Illuminate\Http\Request), Object(Closure))
#30 /var/www/html/dev2.eng.mcmaster.ca/vendor/compiled.php(2478): Illuminate\Pipeline\Pipeline->Illuminate\Pipeline\{closure}(Object(Illuminate\Http\Request))
#31 /var/www/html/dev2.eng.mcmaster.ca/vendor/compiled.php(8944): Illuminate\Foundation\Http\Middleware\CheckForMaintenanceMode->handle(Object(Illuminate\Http\Request), Object(Closure))
#32 [internal function]: Illuminate\Pipeline\Pipeline->Illuminate\Pipeline\{closure}(Object(Illuminate\Http\Request))
#33 /var/www/html/dev2.eng.mcmaster.ca/vendor/compiled.php(8935): call_user_func(Object(Closure), Object(Illuminate\Http\Request))
#34 /var/www/html/dev2.eng.mcmaster.ca/vendor/compiled.php(1891): Illuminate\Pipeline\Pipeline->then(Object(Closure))
#35 /var/www/html/dev2.eng.mcmaster.ca/vendor/compiled.php(1880): Illuminate\Foundation\Http\Kernel->sendRequestThroughRouter(Object(Illuminate\Http\Request))
#36 /var/www/html/dev2.eng.mcmaster.ca/public/index.php(53): Illuminate\Foundation\Http\Kernel->handle(Object(Illuminate\Http\Request))
#37 {main}  
