[2018-03-07 15:15:39] local.ERROR: exception 'ErrorException' with message 'Undefined property: Illuminate\Database\Eloquent\Collection::$content' in /var/www/html/dev2.eng.mcmaster.ca/storage/framework/views/346497fade463e7f5fbdd02f634b009c:18
Stack trace:
#0 /var/www/html/dev2.eng.mcmaster.ca/storage/framework/views/346497fade463e7f5fbdd02f634b009c(18): Illuminate\Foundation\Bootstrap\HandleExceptions->handleError(8, 'Undefined prope...', '/var/www/html/d...', 18, Array)
#1 /var/www/html/dev2.eng.mcmaster.ca/vendor/compiled.php(13650): include('/var/www/html/d...')
#2 /var/www/html/dev2.eng.mcmaster.ca/vendor/compiled.php(13683): Illuminate\View\Engines\PhpEngine->evaluatePath('/var/www/html/d...', Array)
#3 /var/www/html/dev2.eng.mcmaster.ca/vendor/compiled.php(13523): Illuminate\View\Engines\CompilerEngine->get('/var/www/html/d...', Array)
#4 /var/www/html/dev2.eng.mcmaster.ca/vendor/compiled.php(13510): Illuminate\View\View->getContents()
#5 /var/www/html/dev2.eng.mcmaster.ca/vendor/compiled.php(13501): Illuminate\View\View->renderContents()
#6 /var/www/html/dev2.eng.mcmaster.ca/vendor/compiled.php(14597): Illuminate\View\View->render()
#7 /var/www/html/dev2.eng.mcmaster.ca/vendor/compiled.php(14126): Illuminate\Http\Response->setContent(Object(Illuminate\View\View))
#8 /var/www/html/dev2.eng.mcmaster.ca/vendor/compiled.php(7154): Symfony\Component\HttpFoundation\Response->__construct(Object(Illuminate\View\View))
#9 /var/www/html/dev2.eng.mcmaster.ca/vendor/compiled.php(6954): Illuminate\Routing\Router->prepareResponse(Object(Illuminate\Http\Request), Object(Illuminate\View\View))
#10 [internal function]: Illuminate\Routing\Router->Illuminate\Routing\{closure}(Object(Illuminate\Http\Request))
#11 /var/www/html/dev2.eng.mcmaster.ca/vendor/compiled.php(8952): call_user_func(Object(Closure), Object(Illuminate\Http\Request))
#12 /var/www/html/dev2.eng.mcmaster.ca/app/Http/Middleware/Authenticate.php(47): Illuminate\Pipeline\Pipeline->Illuminate\Pipeline\{closure}(Object(Illuminate\Http\Request))
#13 /var/www/html/dev2.eng.mcmaster.ca/vendor/compiled.php(8944): App\Http\Middleware\Authenticate->handle(Object(Illuminate\Http\Request), Object(Closure))
#14 [internal function]: Illuminate\Pipeline\Pipeline->Illuminate\Pipeline\{closure}(Object(Illuminate\Http\Request))
#15 /var/www/html/dev2.eng.mcmaster.ca/vendor/compiled.php(8935): call_user_func(Object(Closure), Object(Illuminate\Http\Request))
#16 /var/www/html/dev2.eng.mcmaster.ca/vendor/compiled.php(6955): Illuminate\Pipeline\Pipeline->then(Object(Closure))
#17 /var/www/html/dev2.eng.mcmaster.ca/vendor/compiled.php(6944): Illuminate\Routing\Router->runRouteWithinStack(Object(Illuminate\Routing\Route), Object(Illuminate\Http\Request))
#18 /var/www/html/dev2.eng.mcmaster.ca/vendor/compiled.php(6929): Illuminate\Routing\Router->dispatchToRoute(Object(Illuminate\Http\Request))
#19 /var/www/html/dev2.eng.mcmaster.ca/vendor/compiled.php(1935): Illuminate\Routing\Router->dispatch(Object(Illuminate\Http\Request))
#20 [internal function]: Illuminate\Foundation\Http\Kernel->Illuminate\Foundation\Http\{closure}(Object(Illuminate\Http\Request))
#21 /var/www/html/dev2.eng.mcmaster.ca/vendor/compiled.php(8952): call_user_func(Object(Closure), Object(Illuminate\Http\Request))
#22 /var/www/html/dev2.eng.mcmaster.ca/vendor/compiled.php(2438): Illuminate\Pipeline\Pipeline->Illuminate\Pipeline\{closure}(Object(Illuminate\Http\Request))
#23 /var/www/html/dev2.eng.mcmaster.ca/app/Http/Middleware/VerifyCsrfToken.php(17): Illuminate\Foundation\Http\Middleware\VerifyCsrfToken->handle(Object(Illuminate\Http\Request), Object(Closure))
#24 /var/www/html/dev2.eng.mcmaster.ca/vendor/compiled.php(8944): App\Http\Middleware\VerifyCsrfToken->handle(Object(Illuminate\Http\Request), Object(Closure))
#25 /var/www/html/dev2.eng.mcmaster.ca/vendor/compiled.php(12083): Illuminate\Pipeline\Pipeline->Illuminate\Pipeline\{closure}(Object(Illuminate\Http\Request))
#26 /var/www/html/dev2.eng.mcmaster.ca/vendor/compiled.php(8944): Illuminate\View\Middleware\ShareErrorsFromSession->handle(Object(Illuminate\Http\Request), Object(Closure))
#27 /var/www/html/dev2.eng.mcmaster.ca/vendor/compiled.php(10785): Illuminate\Pipeline\Pipeline->Illuminate\Pipeline\{closure}(Object(Illuminate\Http\Request))
#28 /var/www/html/dev2.eng.mcmaster.ca/vendor/compiled.php(8944): Illuminate\Session\Middleware\StartSession->handle(Object(Illuminate\Http\Request), Object(Closure))
#29 /var/www/html/dev2.eng.mcmaster.ca/vendor/compiled.php(11789): Illuminate\Pipeline\Pipeline->Illuminate\Pipeline\{closure}(Object(Illuminate\Http\Request))
#30 /var/www/html/dev2.eng.mcmaster.ca/vendor/compiled.php(8944): Illuminate\Cookie\Middleware\AddQueuedCookiesToResponse->handle(Object(Illuminate\Http\Request), Object(Closure))
#31 /var/www/html/dev2.eng.mcmaster.ca/vendor/compiled.php(11738): Illuminate\Pipeline\Pipeline->Illuminate\Pipeline\{closure}(Object(Illuminate\Http\Request))
#32 /var/www/html/dev2.eng.mcmaster.ca/vendor/compiled.php(8944): Illuminate\Cookie\Middleware\EncryptCookies->handle(Object(Illuminate\Http\Request), Object(Closure))
#33 /var/www/html/dev2.eng.mcmaster.ca/vendor/compiled.php(2478): Illuminate\Pipeline\Pipeline->Illuminate\Pipeline\{closure}(Object(Illuminate\Http\Request))
#34 /var/www/html/dev2.eng.mcmaster.ca/vendor/compiled.php(8944): Illuminate\Foundation\Http\Middleware\CheckForMaintenanceMode->handle(Object(Illuminate\Http\Request), Object(Closure))
#35 [internal function]: Illuminate\Pipeline\Pipeline->Illuminate\Pipeline\{closure}(Object(Illuminate\Http\Request))
#36 /var/www/html/dev2.eng.mcmaster.ca/vendor/compiled.php(8935): call_user_func(Object(Closure), Object(Illuminate\Http\Request))
#37 /var/www/html/dev2.eng.mcmaster.ca/vendor/compiled.php(1891): Illuminate\Pipeline\Pipeline->then(Object(Closure))
#38 /var/www/html/dev2.eng.mcmaster.ca/vendor/compiled.php(1880): Illuminate\Foundation\Http\Kernel->sendRequestThroughRouter(Object(Illuminate\Http\Request))
#39 /var/www/html/dev2.eng.mcmaster.ca/public/index.php(53): Illuminate\Foundation\Http\Kernel->handle(Object(Illuminate\Http\Request))
#40 {main}

Next exception 'ErrorException' with message 'Undefined property: Illuminate\Database\Eloquent\Collection::$content (View: /var/www/html/dev2.eng.mcmaster.ca/resources/views/admin/comments/index.blade.php)' in /var/www/html/dev2.eng.mcmaster.ca/storage/framework/views/346497fade463e7f5fbdd02f634b009c:18
Stack trace:
#0 /var/www/html/dev2.eng.mcmaster.ca/vendor/compiled.php(13652): Illuminate\View\Engines\CompilerEngine->handleViewException(Object(ErrorException), 1)
#1 /var/www/html/dev2.eng.mcmaster.ca/vendor/compiled.php(13683): Illuminate\View\Engines\PhpEngine->evaluatePath('/var/www/html/d...', Array)
#2 /var/www/html/dev2.eng.mcmaster.ca/vendor/compiled.php(13523): Illuminate\View\Engines\CompilerEngine->get('/var/www/html/d...', Array)
#3 /var/www/html/dev2.eng.mcmaster.ca/vendor/compiled.php(13510): Illuminate\View\View->getContents()
#4 /var/www/html/dev2.eng.mcmaster.ca/vendor/compiled.php(13501): Illuminate\View\View->renderContents()
#5 /var/www/html/dev2.eng.mcmaster.ca/vendor/compiled.php(14597): Illuminate\View\View->render()
#6 /var/www/html/dev2.eng.mcmaster.ca/vendor/compiled.php(14126): Illuminate\Http\Response->setContent(Object(Illuminate\View\View))
#7 /var/www/html/dev2.eng.mcmaster.ca/vendor/compiled.php(7154): Symfony\Component\HttpFoundation\Response->__construct(Object(Illuminate\View\View))
#8 /var/www/html/dev2.eng.mcmaster.ca/vendor/compiled.php(6954): Illuminate\Routing\Router->prepareResponse(Object(Illuminate\Http\Request), Object(Illuminate\View\View))
#9 [internal function]: Illuminate\Routing\Router->Illuminate\Routing\{closure}(Object(Illuminate\Http\Request))
#10 /var/www/html/dev2.eng.mcmaster.ca/vendor/compiled.php(8952): call_user_func(Object(Closure), Object(Illuminate\Http\Request))
#11 /var/www/html/dev2.eng.mcmaster.ca/app/Http/Middleware/Authenticate.php(47): Illuminate\Pipeline\Pipeline->Illuminate\Pipeline\{closure}(Object(Illuminate\Http\Request))
#12 /var/www/html/dev2.eng.mcmaster.ca/vendor/compiled.php(8944): App\Http\Middleware\Authenticate->handle(Object(Illuminate\Http\Request), Object(Closure))
#13 [internal function]: Illuminate\Pipeline\Pipeline->Illuminate\Pipeline\{closure}(Object(Illuminate\Http\Request))
#14 /var/www/html/dev2.eng.mcmaster.ca/vendor/compiled.php(8935): call_user_func(Object(Closure), Object(Illuminate\Http\Request))
#15 /var/www/html/dev2.eng.mcmaster.ca/vendor/compiled.php(6955): Illuminate\Pipeline\Pipeline->then(Object(Closure))
#16 /var/www/html/dev2.eng.mcmaster.ca/vendor/compiled.php(6944): Illuminate\Routing\Router->runRouteWithinStack(Object(Illuminate\Routing\Route), Object(Illuminate\Http\Request))
#17 /var/www/html/dev2.eng.mcmaster.ca/vendor/compiled.php(6929): Illuminate\Routing\Router->dispatchToRoute(Object(Illuminate\Http\Request))
#18 /var/www/html/dev2.eng.mcmaster.ca/vendor/compiled.php(1935): Illuminate\Routing\Router->dispatch(Object(Illuminate\Http\Request))
#19 [internal function]: Illuminate\Foundation\Http\Kernel->Illuminate\Foundation\Http\{closure}(Object(Illuminate\Http\Request))
#20 /var/www/html/dev2.eng.mcmaster.ca/vendor/compiled.php(8952): call_user_func(Object(Closure), Object(Illuminate\Http\Request))
#21 /var/www/html/dev2.eng.mcmaster.ca/vendor/compiled.php(2438): Illuminate\Pipeline\Pipeline->Illuminate\Pipeline\{closure}(Object(Illuminate\Http\Request))
#22 /var/www/html/dev2.eng.mcmaster.ca/app/Http/Middleware/VerifyCsrfToken.php(17): Illuminate\Foundation\Http\Middleware\VerifyCsrfToken->handle(Object(Illuminate\Http\Request), Object(Closure))
#23 /var/www/html/dev2.eng.mcmaster.ca/vendor/compiled.php(8944): App\Http\Middleware\VerifyCsrfToken->handle(Object(Illuminate\Http\Request), Object(Closure))
#24 /var/www/html/dev2.eng.mcmaster.ca/vendor/compiled.php(12083): Illuminate\Pipeline\Pipeline->Illuminate\Pipeline\{closure}(Object(Illuminate\Http\Request))
#25 /var/www/html/dev2.eng.mcmaster.ca/vendor/compiled.php(8944): Illuminate\View\Middleware\ShareErrorsFromSession->handle(Object(Illuminate\Http\Request), Object(Closure))
#26 /var/www/html/dev2.eng.mcmaster.ca/vendor/compiled.php(10785): Illuminate\Pipeline\Pipeline->Illuminate\Pipeline\{closure}(Object(Illuminate\Http\Request))
#27 /var/www/html/dev2.eng.mcmaster.ca/vendor/compiled.php(8944): Illuminate\Session\Middleware\StartSession->handle(Object(Illuminate\Http\Request), Object(Closure))
#28 /var/www/html/dev2.eng.mcmaster.ca/vendor/compiled.php(11789): Illuminate\Pipeline\Pipeline->Illuminate\Pipeline\{closure}(Object(Illuminate\Http\Request))
#29 /var/www/html/dev2.eng.mcmaster.ca/vendor/compiled.php(8944): Illuminate\Cookie\Middleware\AddQueuedCookiesToResponse->handle(Object(Illuminate\Http\Request), Object(Closure))
#30 /var/www/html/dev2.eng.mcmaster.ca/vendor/compiled.php(11738): Illuminate\Pipeline\Pipeline->Illuminate\Pipeline\{closure}(Object(Illuminate\Http\Request))
#31 /var/www/html/dev2.eng.mcmaster.ca/vendor/compiled.php(8944): Illuminate\Cookie\Middleware\EncryptCookies->handle(Object(Illuminate\Http\Request), Object(Closure))
#32 /var/www/html/dev2.eng.mcmaster.ca/vendor/compiled.php(2478): Illuminate\Pipeline\Pipeline->Illuminate\Pipeline\{closure}(Object(Illuminate\Http\Request))
#33 /var/www/html/dev2.eng.mcmaster.ca/vendor/compiled.php(8944): Illuminate\Foundation\Http\Middleware\CheckForMaintenanceMode->handle(Object(Illuminate\Http\Request), Object(Closure))
#34 [internal function]: Illuminate\Pipeline\Pipeline->Illuminate\Pipeline\{closure}(Object(Illuminate\Http\Request))
#35 /var/www/html/dev2.eng.mcmaster.ca/vendor/compiled.php(8935): call_user_func(Object(Closure), Object(Illuminate\Http\Request))
#36 /var/www/html/dev2.eng.mcmaster.ca/vendor/compiled.php(1891): Illuminate\Pipeline\Pipeline->then(Object(Closure))
#37 /var/www/html/dev2.eng.mcmaster.ca/vendor/compiled.php(1880): Illuminate\Foundation\Http\Kernel->sendRequestThroughRouter(Object(Illuminate\Http\Request))
#38 /var/www/html/dev2.eng.mcmaster.ca/public/index.php(53): Illuminate\Foundation\Http\Kernel->handle(Object(Illuminate\Http\Request))
#39 {main}  
